<?xml version="1.0" encoding="UTF-8"?>
<!-- Generated by org.testng.reporters.JUnitReportReporter -->
<testsuite skipped="0" hostname="User-PC" name="Selenium.Missile" tests="1" failures="0" timestamp="2023-03-02T21:19:45 IST" time="10.847" errors="0">
  <testcase name="selectValue" time="10.847" classname="Selenium.Missile"/>
  <system-out/>
</testsuite> <!-- Selenium.Missile -->
