<?xml version="1.0" encoding="UTF-8"?>
<!-- Generated by org.testng.reporters.JUnitReportReporter -->
<testsuite skipped="0" hostname="User-PC" name="CheckCalculator" tests="1" failures="0" timestamp="2023-03-01T22:44:04 IST" time="45.384" errors="0">
  <testcase name="addFunctionality" time="45.384" classname="CheckCalculator"/>
  <system-out/>
</testsuite> <!-- CheckCalculator -->
