<?xml version="1.0" encoding="UTF-8"?>
<!-- Generated by org.testng.reporters.JUnitReportReporter -->
<testsuite skipped="0" hostname="User-PC" name="Selenium.Myntra" tests="1" failures="0" timestamp="2023-03-02T21:21:33 IST" time="71.792" errors="0">
  <testcase name="menshoe" time="71.792" classname="Selenium.Myntra"/>
  <system-out/>
</testsuite> <!-- Selenium.Myntra -->
