<?xml version="1.0" encoding="UTF-8"?>
<!-- Generated by org.testng.reporters.JUnitReportReporter -->
<testsuite skipped="0" hostname="User-PC" name="Missile" tests="1" failures="0" timestamp="2023-02-19T16:11:00 IST" time="40.123" errors="0">
  <testcase name="selectValue" time="40.123" classname="Missile"/>
  <system-out/>
</testsuite> <!-- Missile -->
