<?xml version="1.0" encoding="UTF-8"?>
<!-- Generated by org.testng.reporters.JUnitReportReporter -->
<testsuite skipped="0" hostname="User-PC" name="ClickRegister" tests="1" failures="0" timestamp="2023-03-01T19:39:31 IST" time="34.680" errors="0">
  <testcase name="actiononregister" time="34.680" classname="ClickRegister"/>
  <system-out/>
</testsuite> <!-- ClickRegister -->
