<?xml version="1.0" encoding="UTF-8"?>
<!-- Generated by org.testng.reporters.JUnitReportReporter -->
<testsuite skipped="0" hostname="User-PC" name="MegaMenu" tests="1" failures="0" timestamp="2023-02-28T15:08:45 IST" time="25.486" errors="0">
  <testcase name="menudropdown" time="25.486" classname="MegaMenu"/>
  <system-out/>
</testsuite> <!-- MegaMenu -->
