<?xml version="1.0" encoding="UTF-8"?>
<!-- Generated by org.testng.reporters.JUnitReportReporter -->
<testsuite skipped="0" hostname="User-PC" name="AlertChecking" tests="1" failures="0" timestamp="2023-02-23T23:38:12 IST" time="35.627" errors="0">
  <testcase name="alertTypes" time="35.627" classname="AlertChecking"/>
  <system-out/>
</testsuite> <!-- AlertChecking -->
