<?xml version="1.0" encoding="UTF-8"?>
<!-- Generated by org.testng.reporters.JUnitReportReporter -->
<testsuite skipped="0" hostname="User-PC" name="Myntra" tests="1" failures="0" timestamp="2023-02-28T13:23:00 IST" time="65.828" errors="0">
  <testcase name="menshoe" time="65.828" classname="Myntra"/>
  <system-out/>
</testsuite> <!-- Myntra -->
