<?xml version="1.0" encoding="UTF-8"?>
<!-- Generated by org.testng.reporters.JUnitReportReporter -->
<testsuite skipped="0" hostname="User-PC" name="LoginRegister" tests="1" failures="0" timestamp="2023-03-01T18:31:11 IST" time="29.913" errors="0">
  <testcase name="logintoregister" time="29.913" classname="LoginRegister"/>
  <system-out/>
</testsuite> <!-- LoginRegister -->
