<?xml version="1.0" encoding="UTF-8"?>
<!-- Generated by org.testng.reporters.JUnitReportReporter -->
<testsuite skipped="0" hostname="User-PC" name="Selenium.CheckCalculator" tests="1" failures="0" timestamp="2023-03-02T21:09:27 IST" time="19.588" errors="0">
  <testcase name="addFunctionality" time="19.588" classname="Selenium.CheckCalculator"/>
  <system-out/>
</testsuite> <!-- Selenium.CheckCalculator -->
