<?xml version="1.0" encoding="UTF-8"?>
<!-- Generated by org.testng.reporters.JUnitReportReporter -->
<testsuite skipped="0" hostname="User-PC" name="LowHigh" tests="1" failures="0" timestamp="2023-02-28T14:52:01 IST" time="26.059" errors="0">
  <testcase name="lowtohigh" time="26.059" classname="LowHigh"/>
  <system-out/>
</testsuite> <!-- LowHigh -->
