<?xml version="1.0" encoding="UTF-8"?>
<!-- Generated by org.testng.reporters.JUnitReportReporter -->
<testsuite skipped="1" hostname="User-PC" name="Selenium.TestDataFromExcel" tests="1" failures="0" timestamp="2023-03-03T18:25:16 IST" time="0.000" errors="0">
  <testcase name="enterDataUsingString" time="0.000" classname="Selenium.TestDataFromExcel">
    <skipped/>
  </testcase> <!-- enterDataUsingString -->
  <system-out/>
</testsuite> <!-- Selenium.TestDataFromExcel -->
