<?xml version="1.0" encoding="UTF-8"?>
<!-- Generated by org.testng.reporters.JUnitReportReporter -->
<testsuite skipped="0" hostname="User-PC" name="RegisterAccount" tests="1" failures="0" timestamp="2023-02-19T15:53:25 IST" time="33.358" errors="0">
  <testcase name="provideinformation" time="33.358" classname="RegisterAccount"/>
  <system-out/>
</testsuite> <!-- RegisterAccount -->
