<?xml version="1.0" encoding="UTF-8"?>
<!-- Generated by org.testng.reporters.JUnitReportReporter -->
<testsuite skipped="0" hostname="User-PC" name="FrameChecking" tests="1" failures="0" timestamp="2023-02-23T23:44:12 IST" time="71.535" errors="0">
  <testcase name="frameHandle" time="71.535" classname="FrameChecking"/>
  <system-out/>
</testsuite> <!-- FrameChecking -->
