<?xml version="1.0" encoding="UTF-8"?>
<!-- Generated by org.testng.reporters.JUnitReportReporter -->
<testsuite skipped="0" hostname="User-PC" name="UsingWaitMethod" tests="1" failures="0" timestamp="2023-02-26T08:08:13 IST" time="50.214" errors="0">
  <testcase name="printCourseDetailsWithExplicitWait" time="50.214" classname="UsingWaitMethod"/>
  <system-out/>
</testsuite> <!-- UsingWaitMethod -->
