<?xml version="1.0" encoding="UTF-8"?>
<!-- Generated by org.testng.reporters.JUnitReportReporter -->
<testsuite skipped="0" hostname="User-PC" name="XyzBank" tests="1" failures="0" timestamp="2023-02-21T00:14:16 IST" time="45.355" errors="0">
  <testcase name="filldetials" time="45.355" classname="XyzBank"/>
  <system-out/>
</testsuite> <!-- XyzBank -->
