<?xml version="1.0" encoding="UTF-8"?>
<!-- Generated by org.testng.reporters.JUnitReportReporter -->
<testsuite skipped="0" hostname="User-PC" name="CourseTittle" tests="1" failures="0" timestamp="2023-02-26T08:56:03 IST" time="31.278" errors="0">
  <testcase name="printCorseDetails" time="31.278" classname="CourseTittle"/>
  <system-out/>
</testsuite> <!-- CourseTittle -->
